[2025-10-09 21:02:52] INFO: REDIS_INIT {"type":"cache","config":{"host":"localhost","port":6379,"db":0}}
[2025-10-09 21:02:52] ERROR: CACHE_ERROR {"error":"connect ECONNREFUSED 127.0.0.1:6379","code":"ECONNREFUSED","errno":-4078,"attempt":0,"host":"localhost","port":6379}
[2025-10-09 21:02:52] WARN: CACHE_RETRY_ATTEMPT {"attempt":1,"delay":50,"maxAttempts":10}
[2025-10-09 21:02:52] WARN: CACHE_CLOSE {"reason":"connection_closed"}
[2025-10-09 21:02:52] INFO: CACHE_RECONNECTING {"delay":50,"attempt":2}
[2025-10-09 21:02:53] ERROR: CACHE_ERROR {"error":"connect ECONNREFUSED 127.0.0.1:6379","code":"ECONNREFUSED","errno":-4078,"attempt":1,"host":"localhost","port":6379}
[2025-10-09 21:02:53] WARN: CACHE_RETRY_ATTEMPT {"attempt":2,"delay":100,"maxAttempts":10}
[2025-10-09 21:02:53] WARN: CACHE_CLOSE {"reason":"connection_closed"}
[2025-10-09 21:02:53] INFO: CACHE_RECONNECTING {"delay":100,"attempt":3}
[2025-10-09 21:02:53] ERROR: CACHE_ERROR {"error":"connect ECONNREFUSED 127.0.0.1:6379","code":"ECONNREFUSED","errno":-4078,"attempt":2,"host":"localhost","port":6379}
[2025-10-09 21:02:53] WARN: CACHE_RETRY_ATTEMPT {"attempt":3,"delay":150,"maxAttempts":10}
[2025-10-09 21:02:53] WARN: CACHE_CLOSE {"reason":"connection_closed"}
[2025-10-09 21:02:53] INFO: CACHE_RECONNECTING {"delay":150,"attempt":4}
[2025-10-09 21:02:53] ERROR: CACHE_ERROR {"error":"connect ECONNREFUSED 127.0.0.1:6379","code":"ECONNREFUSED","errno":-4078,"attempt":3,"host":"localhost","port":6379}
[2025-10-09 21:02:53] WARN: CACHE_RETRY_ATTEMPT {"attempt":4,"delay":200,"maxAttempts":10}
[2025-10-09 21:02:53] WARN: CACHE_CLOSE {"reason":"connection_closed"}
[2025-10-09 21:02:53] INFO: CACHE_RECONNECTING {"delay":200,"attempt":5}
[2025-10-09 21:02:53] ERROR: CACHE_ERROR {"error":"connect ECONNREFUSED 127.0.0.1:6379","code":"ECONNREFUSED","errno":-4078,"attempt":4,"host":"localhost","port":6379}
[2025-10-09 21:02:53] WARN: CACHE_RETRY_ATTEMPT {"attempt":5,"delay":250,"maxAttempts":10}
[2025-10-09 21:02:53] WARN: CACHE_CLOSE {"reason":"connection_closed"}
[2025-10-09 21:02:53] INFO: CACHE_RECONNECTING {"delay":250,"attempt":6}
[2025-10-09 21:02:54] ERROR: CACHE_ERROR {"error":"connect ECONNREFUSED 127.0.0.1:6379","code":"ECONNREFUSED","errno":-4078,"attempt":5,"host":"localhost","port":6379}
[2025-10-09 21:02:54] WARN: CACHE_RETRY_ATTEMPT {"attempt":6,"delay":300,"maxAttempts":10}
[2025-10-09 21:02:54] WARN: CACHE_CLOSE {"reason":"connection_closed"}
[2025-10-09 21:02:54] INFO: CACHE_RECONNECTING {"delay":300,"attempt":7}
[2025-10-09 21:02:54] ERROR: CACHE_ERROR {"error":"connect ECONNREFUSED 127.0.0.1:6379","code":"ECONNREFUSED","errno":-4078,"attempt":6,"host":"localhost","port":6379}
[2025-10-09 21:02:54] WARN: CACHE_RETRY_ATTEMPT {"attempt":7,"delay":350,"maxAttempts":10}
[2025-10-09 21:02:54] WARN: CACHE_CLOSE {"reason":"connection_closed"}
[2025-10-09 21:02:54] INFO: CACHE_RECONNECTING {"delay":350,"attempt":8}
[2025-10-09 21:02:54] INFO: REDIS_STATUS_CHECK {"cache":{"status":"reconnecting","retryCount":7},"metrics":{"status":"reconnecting","retryCount":7}}
[2025-10-09 21:02:55] ERROR: CACHE_ERROR {"error":"connect ECONNREFUSED 127.0.0.1:6379","code":"ECONNREFUSED","errno":-4078,"attempt":7,"host":"localhost","port":6379}
[2025-10-09 21:02:55] WARN: CACHE_RETRY_ATTEMPT {"attempt":8,"delay":400,"maxAttempts":10}
[2025-10-09 21:02:55] WARN: CACHE_CLOSE {"reason":"connection_closed"}
[2025-10-09 21:02:55] INFO: CACHE_RECONNECTING {"delay":400,"attempt":9}
[2025-10-09 21:02:55] ERROR: CACHE_ERROR {"error":"connect ECONNREFUSED 127.0.0.1:6379","code":"ECONNREFUSED","errno":-4078,"attempt":8,"host":"localhost","port":6379}
[2025-10-09 21:02:55] WARN: CACHE_RETRY_ATTEMPT {"attempt":9,"delay":450,"maxAttempts":10}
[2025-10-09 21:02:55] WARN: CACHE_CLOSE {"reason":"connection_closed"}
[2025-10-09 21:02:55] INFO: CACHE_RECONNECTING {"delay":450,"attempt":10}
[2025-10-09 21:02:56] ERROR: CACHE_ERROR {"error":"connect ECONNREFUSED 127.0.0.1:6379","code":"ECONNREFUSED","errno":-4078,"attempt":9,"host":"localhost","port":6379}
[2025-10-09 21:02:56] WARN: CACHE_RETRY_ATTEMPT {"attempt":10,"delay":500,"maxAttempts":10}
[2025-10-09 21:02:56] WARN: CACHE_CLOSE {"reason":"connection_closed"}
[2025-10-09 21:02:56] INFO: CACHE_RECONNECTING {"delay":500,"attempt":11}
[2025-10-09 21:02:56] ERROR: CACHE_ERROR {"error":"connect ECONNREFUSED 127.0.0.1:6379","code":"ECONNREFUSED","errno":-4078,"attempt":10,"host":"localhost","port":6379}
[2025-10-09 21:02:56] WARN: CACHE_RETRY_ATTEMPT {"attempt":11,"delay":550,"maxAttempts":10}
[2025-10-09 21:02:56] ERROR: CACHE_CONNECTION_FAILED {"totalAttempts":11}
[2025-10-09 21:02:56] WARN: CACHE_CLOSE {"reason":"connection_closed"}
[2025-10-09 21:07:19] INFO: REDIS_INIT {"type":"cache","config":{"host":"localhost","port":6379,"db":0}}
[2025-10-09 21:07:20] ERROR: CACHE_ERROR {"error":"connect ECONNREFUSED 127.0.0.1:6379","code":"ECONNREFUSED","errno":-4078,"attempt":0,"host":"localhost","port":6379}
[2025-10-09 21:07:20] WARN: CACHE_RETRY_ATTEMPT {"attempt":1,"delay":50,"maxAttempts":10}
[2025-10-09 21:07:20] WARN: CACHE_CLOSE {"reason":"connection_closed"}
[2025-10-09 21:07:20] INFO: CACHE_RECONNECTING {"delay":50,"attempt":2}
[2025-10-09 21:07:20] ERROR: CACHE_ERROR {"error":"connect ECONNREFUSED 127.0.0.1:6379","code":"ECONNREFUSED","errno":-4078,"attempt":1,"host":"localhost","port":6379}
[2025-10-09 21:07:20] WARN: CACHE_RETRY_ATTEMPT {"attempt":2,"delay":100,"maxAttempts":10}
[2025-10-09 21:07:20] WARN: CACHE_CLOSE {"reason":"connection_closed"}
[2025-10-09 21:07:20] INFO: CACHE_RECONNECTING {"delay":100,"attempt":3}
[2025-10-09 21:07:20] ERROR: CACHE_ERROR {"error":"connect ECONNREFUSED 127.0.0.1:6379","code":"ECONNREFUSED","errno":-4078,"attempt":2,"host":"localhost","port":6379}
[2025-10-09 21:07:20] WARN: CACHE_RETRY_ATTEMPT {"attempt":3,"delay":150,"maxAttempts":10}
[2025-10-09 21:07:20] WARN: CACHE_CLOSE {"reason":"connection_closed"}
[2025-10-09 21:07:20] INFO: CACHE_RECONNECTING {"delay":150,"attempt":4}
[2025-10-09 21:07:20] ERROR: CACHE_ERROR {"error":"connect ECONNREFUSED 127.0.0.1:6379","code":"ECONNREFUSED","errno":-4078,"attempt":3,"host":"localhost","port":6379}
[2025-10-09 21:07:20] WARN: CACHE_RETRY_ATTEMPT {"attempt":4,"delay":200,"maxAttempts":10}
[2025-10-09 21:07:20] WARN: CACHE_CLOSE {"reason":"connection_closed"}
[2025-10-09 21:07:20] INFO: CACHE_RECONNECTING {"delay":200,"attempt":5}
[2025-10-09 21:07:21] ERROR: CACHE_ERROR {"error":"connect ECONNREFUSED 127.0.0.1:6379","code":"ECONNREFUSED","errno":-4078,"attempt":4,"host":"localhost","port":6379}
[2025-10-09 21:07:21] WARN: CACHE_RETRY_ATTEMPT {"attempt":5,"delay":250,"maxAttempts":10}
[2025-10-09 21:07:21] WARN: CACHE_CLOSE {"reason":"connection_closed"}
[2025-10-09 21:07:21] INFO: CACHE_RECONNECTING {"delay":250,"attempt":6}
[2025-10-09 21:07:21] ERROR: CACHE_ERROR {"error":"connect ECONNREFUSED 127.0.0.1:6379","code":"ECONNREFUSED","errno":-4078,"attempt":5,"host":"localhost","port":6379}
[2025-10-09 21:07:21] WARN: CACHE_RETRY_ATTEMPT {"attempt":6,"delay":300,"maxAttempts":10}
[2025-10-09 21:07:21] WARN: CACHE_CLOSE {"reason":"connection_closed"}
[2025-10-09 21:07:21] INFO: CACHE_RECONNECTING {"delay":300,"attempt":7}
[2025-10-09 21:07:21] ERROR: CACHE_ERROR {"error":"connect ECONNREFUSED 127.0.0.1:6379","code":"ECONNREFUSED","errno":-4078,"attempt":6,"host":"localhost","port":6379}
[2025-10-09 21:07:21] WARN: CACHE_RETRY_ATTEMPT {"attempt":7,"delay":350,"maxAttempts":10}
[2025-10-09 21:07:21] WARN: CACHE_CLOSE {"reason":"connection_closed"}
[2025-10-09 21:07:21] INFO: CACHE_RECONNECTING {"delay":350,"attempt":8}
[2025-10-09 21:07:21] ERROR: CACHE_ERROR {"error":"connect ECONNREFUSED 127.0.0.1:6379","code":"ECONNREFUSED","errno":-4078,"attempt":7,"host":"localhost","port":6379}
[2025-10-09 21:07:21] WARN: CACHE_RETRY_ATTEMPT {"attempt":8,"delay":400,"maxAttempts":10}
[2025-10-09 21:07:21] WARN: CACHE_CLOSE {"reason":"connection_closed"}
[2025-10-09 21:07:21] INFO: CACHE_RECONNECTING {"delay":400,"attempt":9}
[2025-10-09 21:07:21] INFO: REDIS_STATUS_CHECK {"cache":{"status":"reconnecting","retryCount":8},"metrics":{"status":"reconnecting","retryCount":8}}
[2025-10-09 21:07:22] ERROR: CACHE_ERROR {"error":"connect ECONNREFUSED 127.0.0.1:6379","code":"ECONNREFUSED","errno":-4078,"attempt":8,"host":"localhost","port":6379}
[2025-10-09 21:07:22] WARN: CACHE_RETRY_ATTEMPT {"attempt":9,"delay":450,"maxAttempts":10}
[2025-10-09 21:07:22] WARN: CACHE_CLOSE {"reason":"connection_closed"}
[2025-10-09 21:07:22] INFO: CACHE_RECONNECTING {"delay":450,"attempt":10}
[2025-10-09 21:07:22] ERROR: CACHE_ERROR {"error":"connect ECONNREFUSED 127.0.0.1:6379","code":"ECONNREFUSED","errno":-4078,"attempt":9,"host":"localhost","port":6379}
[2025-10-09 21:07:22] WARN: CACHE_RETRY_ATTEMPT {"attempt":10,"delay":500,"maxAttempts":10}
[2025-10-09 21:07:22] WARN: CACHE_CLOSE {"reason":"connection_closed"}
[2025-10-09 21:07:22] INFO: CACHE_RECONNECTING {"delay":500,"attempt":11}
[2025-10-09 21:07:23] ERROR: CACHE_ERROR {"error":"connect ECONNREFUSED 127.0.0.1:6379","code":"ECONNREFUSED","errno":-4078,"attempt":10,"host":"localhost","port":6379}
[2025-10-09 21:07:23] WARN: CACHE_RETRY_ATTEMPT {"attempt":11,"delay":550,"maxAttempts":10}
[2025-10-09 21:07:23] ERROR: CACHE_CONNECTION_FAILED {"totalAttempts":11}
[2025-10-09 21:07:23] WARN: CACHE_CLOSE {"reason":"connection_closed"}
[2025-10-09 21:18:33] INFO: REDIS_CHECK_START 
[2025-10-09 21:18:33] INFO: REDIS_ALREADY_RUNNING {"port":6379}
[2025-10-09 21:18:33] INFO: REDIS_INIT {"type":"cache","config":{"host":"localhost","port":6379,"db":0}}
[2025-10-09 21:18:33] INFO: CACHE_CONNECTING {"host":"localhost","port":6379,"db":0,"attempt":1}
[2025-10-09 21:18:33] INFO: CACHE_READY {"status":"connected","db":0,"totalAttempts":1,"connectionTime":"2025-10-09T19:18:33.847Z"}
[2025-10-09 21:18:35] INFO: REDIS_STATUS_CHECK {"cache":{"status":"ready","retryCount":0},"metrics":{"status":"ready","retryCount":0}}
[2025-10-09 21:23:20] INFO: REDIS_CHECK_START 
[2025-10-09 21:23:20] INFO: REDIS_ALREADY_RUNNING {"port":6379}
[2025-10-09 21:23:20] INFO: REDIS_INIT {"type":"cache","config":{"host":"localhost","port":6379,"db":0}}
[2025-10-09 21:23:20] INFO: CACHE_CONNECTING {"host":"localhost","port":6379,"db":0,"attempt":1}
[2025-10-09 21:23:20] INFO: CACHE_READY {"status":"connected","db":0,"totalAttempts":1,"connectionTime":"2025-10-09T19:23:20.801Z"}
[2025-10-09 21:23:22] INFO: REDIS_STATUS_CHECK {"cache":{"status":"ready","retryCount":0},"metrics":{"status":"ready","retryCount":0}}
[2025-10-09 21:28:01] INFO: REDIS_INIT {"type":"cache","config":{"host":"localhost","port":6379,"db":0}}
[2025-10-09 21:28:02] INFO: CACHE_CONNECTING {"host":"localhost","port":6379,"db":0,"attempt":1}
[2025-10-09 21:28:02] INFO: CACHE_READY {"status":"connected","db":0,"totalAttempts":1,"connectionTime":"2025-10-09T19:28:02.140Z"}
[2025-10-09 21:28:03] INFO: REDIS_CHECK_START 
[2025-10-09 21:28:04] INFO: REDIS_ALREADY_RUNNING {"port":6379}
[2025-10-09 21:28:04] INFO: REDIS_STATUS_CHECK {"cache":{"status":"ready","retryCount":0},"metrics":{"status":"ready","retryCount":0}}
[2025-10-09 21:29:54] INFO: REDIS_INIT {"type":"cache","config":{"host":"localhost","port":6379,"db":0}}
[2025-10-09 21:29:54] INFO: CACHE_CONNECTING {"host":"localhost","port":6379,"db":0,"attempt":1}
[2025-10-09 21:29:54] INFO: CACHE_READY {"status":"connected","db":0,"totalAttempts":1,"connectionTime":"2025-10-09T19:29:54.656Z"}
[2025-10-09 21:29:56] INFO: REDIS_CHECK_START 
[2025-10-09 21:29:56] INFO: REDIS_ALREADY_RUNNING {"port":6379}
[2025-10-09 21:29:56] INFO: REDIS_STATUS_CHECK {"cache":{"status":"ready","retryCount":0},"metrics":{"status":"ready","retryCount":0}}
[2025-10-09 21:32:44] INFO: REDIS_INIT {"type":"cache","config":{"host":"localhost","port":6379,"db":0}}
[2025-10-09 21:32:44] INFO: CACHE_CONNECTING {"host":"localhost","port":6379,"db":0,"attempt":1}
[2025-10-09 21:32:44] INFO: CACHE_READY {"status":"connected","db":0,"totalAttempts":1,"connectionTime":"2025-10-09T19:32:44.490Z"}
[2025-10-09 21:32:46] INFO: REDIS_CHECK_START 
[2025-10-09 21:32:46] INFO: REDIS_ALREADY_RUNNING {"port":6379}
[2025-10-09 21:32:46] INFO: REDIS_STATUS_CHECK {"cache":{"status":"ready","retryCount":0},"metrics":{"status":"ready","retryCount":0}}
[2025-10-09 21:32:54] INFO: REDIS_INIT {"type":"cache","config":{"host":"localhost","port":6379,"db":0}}
[2025-10-09 21:32:54] INFO: CACHE_CONNECTING {"host":"localhost","port":6379,"db":0,"attempt":1}
[2025-10-09 21:32:54] INFO: CACHE_READY {"status":"connected","db":0,"totalAttempts":1,"connectionTime":"2025-10-09T19:32:54.877Z"}
[2025-10-09 21:32:56] INFO: REDIS_CHECK_START 
[2025-10-09 21:32:56] INFO: REDIS_ALREADY_RUNNING {"port":6379}
[2025-10-09 21:32:56] INFO: REDIS_STATUS_CHECK {"cache":{"status":"ready","retryCount":0},"metrics":{"status":"ready","retryCount":0}}
[2025-10-09 21:33:14] INFO: REDIS_INIT {"type":"cache","config":{"host":"localhost","port":6379,"db":0}}
[2025-10-09 21:33:14] INFO: CACHE_CONNECTING {"host":"localhost","port":6379,"db":0,"attempt":1}
[2025-10-09 21:33:14] INFO: CACHE_READY {"status":"connected","db":0,"totalAttempts":1,"connectionTime":"2025-10-09T19:33:14.926Z"}
[2025-10-09 21:33:16] INFO: REDIS_CHECK_START 
[2025-10-09 21:33:16] INFO: REDIS_ALREADY_RUNNING {"port":6379}
[2025-10-09 21:33:19] INFO: REDIS_INIT {"type":"cache","config":{"host":"localhost","port":6379,"db":0}}
[2025-10-09 21:33:19] INFO: CACHE_CONNECTING {"host":"localhost","port":6379,"db":0,"attempt":1}
[2025-10-09 21:33:19] INFO: CACHE_READY {"status":"connected","db":0,"totalAttempts":1,"connectionTime":"2025-10-09T19:33:19.422Z"}
[2025-10-09 21:33:21] INFO: REDIS_CHECK_START 
[2025-10-09 21:33:21] INFO: REDIS_ALREADY_RUNNING {"port":6379}
[2025-10-09 21:33:21] INFO: REDIS_STATUS_CHECK {"cache":{"status":"ready","retryCount":0},"metrics":{"status":"ready","retryCount":0}}
[2025-10-09 21:34:27] INFO: REDIS_INIT {"type":"cache","config":{"host":"localhost","port":6379,"db":0}}
[2025-10-09 21:34:27] INFO: CACHE_CONNECTING {"host":"localhost","port":6379,"db":0,"attempt":1}
[2025-10-09 21:34:27] INFO: CACHE_READY {"status":"connected","db":0,"totalAttempts":1,"connectionTime":"2025-10-09T19:34:27.625Z"}
[2025-10-09 21:34:29] INFO: REDIS_CHECK_START 
[2025-10-09 21:34:29] INFO: REDIS_ALREADY_RUNNING {"port":6379}
[2025-10-09 21:34:29] INFO: REDIS_STATUS_CHECK {"cache":{"status":"ready","retryCount":0},"metrics":{"status":"ready","retryCount":0}}
